# JRE version: OpenJDK Runtime Environment (11.0.15) (build 11.0.15+0-b2043.56-9505619)
# Java VM: OpenJDK 64-Bit Server VM (11.0.15+0-b2043.56-9505619, mixed mode, tiered, compressed oops, g1 gc, windows-amd64)
Heap:
 garbage-first heap   total 472064K, used 383487K [0x00000000a0000000, 0x0000000100000000)
  region size 1024K, 156 young (159744K), 9 survivors (9216K)
 Metaspace       used 162870K, capacity 168609K, committed 168784K, reserved 1196032K
  class space    used 19912K, capacity 21914K, committed 22016K, reserved 1048576K
GC Heap History (20 events):
Event: 583.866 GC heap before
{Heap before GC invocations=228 (full 0):
 garbage-first heap   total 472064K, used 198996K [0x00000000a0000000, 0x0000000100000000)
  region size 1024K, 23 young (23552K), 4 survivors (4096K)
 Metaspace       used 144705K, capacity 149429K, committed 149584K, reserved 1179648K
  class space    used 17550K, capacity 19117K, committed 19200K, reserved 1048576K
}
Event: 583.880 GC heap after
{Heap after GC invocations=229 (full 0):
 garbage-first heap   total 472064K, used 179688K [0x00000000a0000000, 0x0000000100000000)
  region size 1024K, 3 young (3072K), 3 survivors (3072K)
 Metaspace       used 144705K, capacity 149429K, committed 149584K, reserved 1179648K
  class space    used 17550K, capacity 19117K, committed 19200K, reserved 1048576K
}
Event: 588.052 GC heap before
{Heap before GC invocations=229 (full 0):
 garbage-first heap   total 472064K, used 327144K [0x00000000a0000000, 0x0000000100000000)
  region size 1024K, 148 young (151552K), 3 survivors (3072K)
 Metaspace       used 146026K, capacity 150772K, committed 150992K, reserved 1181696K
  class space    used 17727K, capacity 19305K, committed 19328K, reserved 1048576K
}
Event: 588.077 GC heap after
{Heap after GC invocations=230 (full 0):
 garbage-first heap   total 472064K, used 181816K [0x00000000a0000000, 0x0000000100000000)
  region size 1024K, 5 young (5120K), 5 survivors (5120K)
 Metaspace       used 146026K, capacity 150772K, committed 150992K, reserved 1181696K
  class space    used 17727K, capacity 19305K, committed 19328K, reserved 1048576K
}
Event: 591.589 GC heap before
{Heap before GC invocations=230 (full 0):
 garbage-first heap   total 472064K, used 349752K [0x00000000a0000000, 0x0000000100000000)
  region size 1024K, 168 young (172032K), 5 survivors (5120K)
 Metaspace       used 149249K, capacity 154066K, committed 154320K, reserved 1183744K
  class space    used 18162K, capacity 19790K, committed 19840K, reserved 1048576K
}
Event: 591.858 GC heap after
{Heap after GC invocations=231 (full 0):
 garbage-first heap   total 472064K, used 190923K [0x00000000a0000000, 0x0000000100000000)
  region size 1024K, 12 young (12288K), 12 survivors (12288K)
 Metaspace       used 149249K, capacity 154066K, committed 154320K, reserved 1183744K
  class space    used 18162K, capacity 19790K, committed 19840K, reserved 1048576K
}
Event: 600.885 GC heap before
{Heap before GC invocations=231 (full 0):
 garbage-first heap   total 472064K, used 357835K [0x00000000a0000000, 0x0000000100000000)
  region size 1024K, 176 young (180224K), 12 survivors (12288K)
 Metaspace       used 159421K, capacity 164794K, committed 164944K, reserved 1193984K
  class space    used 19504K, capacity 21401K, committed 21504K, reserved 1048576K
}
Event: 600.985 GC heap after
{Heap after GC invocations=232 (full 0):
 garbage-first heap   total 472064K, used 202632K [0x00000000a0000000, 0x0000000100000000)
  region size 1024K, 22 young (22528K), 22 survivors (22528K)
 Metaspace       used 159421K, capacity 164794K, committed 164944K, reserved 1193984K
  class space    used 19504K, capacity 21401K, committed 21504K, reserved 1048576K
}
Event: 604.601 GC heap before
{Heap before GC invocations=232 (full 0):
 garbage-first heap   total 472064K, used 368520K [0x00000000a0000000, 0x0000000100000000)
  region size 1024K, 184 young (188416K), 22 survivors (22528K)
 Metaspace       used 161888K, capacity 167542K, committed 167632K, reserved 1196032K
  class space    used 19814K, capacity 21824K, committed 21888K, reserved 1048576K
}
Event: 604.753 GC heap after
{Heap after GC invocations=233 (full 0):
 garbage-first heap   total 472064K, used 192914K [0x00000000a0000000, 0x0000000100000000)
  region size 1024K, 5 young (5120K), 5 survivors (5120K)
 Metaspace       used 161888K, capacity 167542K, committed 167632K, reserved 1196032K
  class space    used 19814K, capacity 21824K, committed 21888K, reserved 1048576K
}
Event: 609.549 GC heap before
{Heap before GC invocations=233 (full 0):
 garbage-first heap   total 472064K, used 364946K [0x00000000a0000000, 0x0000000100000000)
  region size 1024K, 173 young (177152K), 5 survivors (5120K)
 Metaspace       used 161915K, capacity 167629K, committed 167888K, reserved 1196032K
  class space    used 19818K, capacity 21829K, committed 21888K, reserved 1048576K
}
Event: 609.586 GC heap after
{Heap after GC invocations=234 (full 0):
 garbage-first heap   total 472064K, used 191378K [0x00000000a0000000, 0x0000000100000000)
  region size 1024K, 5 young (5120K), 5 survivors (5120K)
 Metaspace       used 161915K, capacity 167629K, committed 167888K, reserved 1196032K
  class space    used 19818K, capacity 21829K, committed 21888K, reserved 1048576K
}
Event: 612.537 GC heap before
{Heap before GC invocations=234 (full 0):
 garbage-first heap   total 472064K, used 385938K [0x00000000a0000000, 0x0000000100000000)
  region size 1024K, 192 young (196608K), 5 survivors (5120K)
 Metaspace       used 162052K, capacity 167772K, committed 167888K, reserved 1196032K
  class space    used 19824K, capacity 21830K, committed 21888K, reserved 1048576K
}
Event: 612.626 GC heap after
{Heap after GC invocations=235 (full 0):
 garbage-first heap   total 472064K, used 208786K [0x00000000a0000000, 0x0000000100000000)
  region size 1024K, 20 young (20480K), 20 survivors (20480K)
 Metaspace       used 162052K, capacity 167772K, committed 167888K, reserved 1196032K
  class space    used 19824K, capacity 21830K, committed 21888K, reserved 1048576K
}
Event: 615.029 GC heap before
{Heap before GC invocations=235 (full 0):
 garbage-first heap   total 472064K, used 390034K [0x00000000a0000000, 0x0000000100000000)
  region size 1024K, 198 young (202752K), 20 survivors (20480K)
 Metaspace       used 162448K, capacity 168187K, committed 168528K, reserved 1196032K
  class space    used 19894K, capacity 21900K, committed 22016K, reserved 1048576K
}
Event: 615.220 GC heap after
{Heap after GC invocations=236 (full 0):
 garbage-first heap   total 472064K, used 226361K [0x00000000a0000000, 0x0000000100000000)
  region size 1024K, 25 young (25600K), 25 survivors (25600K)
 Metaspace       used 162448K, capacity 168187K, committed 168528K, reserved 1196032K
  class space    used 19894K, capacity 21900K, committed 22016K, reserved 1048576K
}
Event: 628.019 GC heap before
{Heap before GC invocations=236 (full 0):
 garbage-first heap   total 472064K, used 384057K [0x00000000a0000000, 0x0000000100000000)
  region size 1024K, 179 young (183296K), 25 survivors (25600K)
 Metaspace       used 162574K, capacity 168356K, committed 168528K, reserved 1196032K
  class space    used 19910K, capacity 21912K, committed 22016K, reserved 1048576K
}
Event: 628.270 GC heap after
{Heap after GC invocations=237 (full 0):
 garbage-first heap   total 472064K, used 231424K [0x00000000a0000000, 0x0000000100000000)
  region size 1024K, 7 young (7168K), 7 survivors (7168K)
 Metaspace       used 162574K, capacity 168356K, committed 168528K, reserved 1196032K
  class space    used 19910K, capacity 21912K, committed 22016K, reserved 1048576K
}
Event: 641.513 GC heap before
{Heap before GC invocations=237 (full 0):
 garbage-first heap   total 472064K, used 389120K [0x00000000a0000000, 0x0000000100000000)
  region size 1024K, 161 young (164864K), 7 survivors (7168K)
 Metaspace       used 162638K, capacity 168422K, committed 168528K, reserved 1196032K
  class space    used 19910K, capacity 21912K, committed 22016K, reserved 1048576K
}
Event: 641.549 GC heap after
{Heap after GC invocations=238 (full 0):
 garbage-first heap   total 472064K, used 232959K [0x00000000a0000000, 0x0000000100000000)
  region size 1024K, 9 young (9216K), 9 survivors (9216K)
 Metaspace       used 162638K, capacity 168422K, committed 168528K, reserved 1196032K
  class space    used 19910K, capacity 21912K, committed 22016K, reserved 1048576K
}

