# JRE version: OpenJDK Runtime Environment (11.0.15) (build 11.0.15+0-b2043.56-9505619)
# Java VM: OpenJDK 64-Bit Server VM (11.0.15+0-b2043.56-9505619, mixed mode, tiered, compressed oops, g1 gc, windows-amd64)
Heap:
 garbage-first heap   total 189440K, used 137134K [0x00000000a0000000, 0x0000000100000000)
  region size 1024K, 21 young (21504K), 3 survivors (3072K)
 Metaspace       used 96581K, capacity 100008K, committed 100304K, reserved 1136640K
  class space    used 12514K, capacity 13618K, committed 13696K, reserved 1048576K
GC Heap History (20 events):
Event: 62.056 GC heap before
{Heap before GC invocations=38 (full 0):
 garbage-first heap   total 131072K, used 112306K [0x00000000a0000000, 0x0000000100000000)
  region size 1024K, 12 young (12288K), 2 survivors (2048K)
 Metaspace       used 86442K, capacity 89421K, committed 89680K, reserved 1126400K
  class space    used 11253K, capacity 12282K, committed 12288K, reserved 1048576K
}
Event: 62.063 GC heap after
{Heap after GC invocations=39 (full 0):
 garbage-first heap   total 131072K, used 102502K [0x00000000a0000000, 0x0000000100000000)
  region size 1024K, 1 young (1024K), 1 survivors (1024K)
 Metaspace       used 86442K, capacity 89421K, committed 89680K, reserved 1126400K
  class space    used 11253K, capacity 12282K, committed 12288K, reserved 1048576K
}
Event: 62.645 GC heap before
{Heap before GC invocations=40 (full 0):
 garbage-first heap   total 131072K, used 112742K [0x00000000a0000000, 0x0000000100000000)
  region size 1024K, 11 young (11264K), 1 survivors (1024K)
 Metaspace       used 87299K, capacity 90351K, committed 90448K, reserved 1128448K
  class space    used 11409K, capacity 12456K, committed 12544K, reserved 1048576K
}
Event: 62.650 GC heap after
{Heap after GC invocations=41 (full 0):
 garbage-first heap   total 131072K, used 103017K [0x00000000a0000000, 0x0000000100000000)
  region size 1024K, 2 young (2048K), 2 survivors (2048K)
 Metaspace       used 87299K, capacity 90351K, committed 90448K, reserved 1128448K
  class space    used 11409K, capacity 12456K, committed 12544K, reserved 1048576K
}
Event: 63.276 GC heap before
{Heap before GC invocations=41 (full 0):
 garbage-first heap   total 131072K, used 112233K [0x00000000a0000000, 0x0000000100000000)
  region size 1024K, 11 young (11264K), 2 survivors (2048K)
 Metaspace       used 89134K, capacity 92166K, committed 92368K, reserved 1128448K
  class space    used 11619K, capacity 12653K, committed 12672K, reserved 1048576K
}
Event: 63.287 GC heap after
{Heap after GC invocations=42 (full 0):
 garbage-first heap   total 157696K, used 103712K [0x00000000a0000000, 0x0000000100000000)
  region size 1024K, 2 young (2048K), 2 survivors (2048K)
 Metaspace       used 89134K, capacity 92166K, committed 92368K, reserved 1128448K
  class space    used 11619K, capacity 12653K, committed 12672K, reserved 1048576K
}
Event: 64.284 GC heap before
{Heap before GC invocations=43 (full 0):
 garbage-first heap   total 157696K, used 122144K [0x00000000a0000000, 0x0000000100000000)
  region size 1024K, 20 young (20480K), 2 survivors (2048K)
 Metaspace       used 90526K, capacity 93632K, committed 93776K, reserved 1130496K
  class space    used 11793K, capacity 12796K, committed 12800K, reserved 1048576K
}
Event: 64.292 GC heap after
{Heap after GC invocations=44 (full 0):
 garbage-first heap   total 157696K, used 104824K [0x00000000a0000000, 0x0000000100000000)
  region size 1024K, 3 young (3072K), 3 survivors (3072K)
 Metaspace       used 90526K, capacity 93632K, committed 93776K, reserved 1130496K
  class space    used 11793K, capacity 12796K, committed 12800K, reserved 1048576K
}
Event: 65.083 GC heap before
{Heap before GC invocations=44 (full 0):
 garbage-first heap   total 157696K, used 124280K [0x00000000a0000000, 0x0000000100000000)
  region size 1024K, 22 young (22528K), 3 survivors (3072K)
 Metaspace       used 91559K, capacity 94644K, committed 94672K, reserved 1130496K
  class space    used 11901K, capacity 12906K, committed 12928K, reserved 1048576K
}
Event: 65.099 GC heap after
{Heap after GC invocations=45 (full 0):
 garbage-first heap   total 157696K, used 107168K [0x00000000a0000000, 0x0000000100000000)
  region size 1024K, 3 young (3072K), 3 survivors (3072K)
 Metaspace       used 91559K, capacity 94644K, committed 94672K, reserved 1130496K
  class space    used 11901K, capacity 12906K, committed 12928K, reserved 1048576K
}
Event: 66.152 GC heap before
{Heap before GC invocations=46 (full 0):
 garbage-first heap   total 157696K, used 126624K [0x00000000a0000000, 0x0000000100000000)
  region size 1024K, 22 young (22528K), 3 survivors (3072K)
 Metaspace       used 92001K, capacity 95241K, committed 95312K, reserved 1132544K
  class space    used 11946K, capacity 13002K, committed 13056K, reserved 1048576K
}
Event: 66.170 GC heap after
{Heap after GC invocations=47 (full 0):
 garbage-first heap   total 157696K, used 111260K [0x00000000a0000000, 0x0000000100000000)
  region size 1024K, 3 young (3072K), 3 survivors (3072K)
 Metaspace       used 92001K, capacity 95241K, committed 95312K, reserved 1132544K
  class space    used 11946K, capacity 13002K, committed 13056K, reserved 1048576K
}
Event: 66.709 GC heap before
{Heap before GC invocations=47 (full 0):
 garbage-first heap   total 157696K, used 128668K [0x00000000a0000000, 0x0000000100000000)
  region size 1024K, 20 young (20480K), 3 survivors (3072K)
 Metaspace       used 92486K, capacity 95642K, committed 95824K, reserved 1132544K
  class space    used 12000K, capacity 13044K, committed 13056K, reserved 1048576K
}
Event: 66.723 GC heap after
{Heap after GC invocations=48 (full 0):
 garbage-first heap   total 157696K, used 114220K [0x00000000a0000000, 0x0000000100000000)
  region size 1024K, 3 young (3072K), 3 survivors (3072K)
 Metaspace       used 92486K, capacity 95642K, committed 95824K, reserved 1132544K
  class space    used 12000K, capacity 13044K, committed 13056K, reserved 1048576K
}
Event: 67.468 GC heap before
{Heap before GC invocations=49 (full 0):
 garbage-first heap   total 157696K, used 130604K [0x00000000a0000000, 0x0000000100000000)
  region size 1024K, 19 young (19456K), 3 survivors (3072K)
 Metaspace       used 93283K, capacity 96480K, committed 96720K, reserved 1132544K
  class space    used 12102K, capacity 13149K, committed 13184K, reserved 1048576K
}
Event: 67.479 GC heap after
{Heap after GC invocations=50 (full 0):
 garbage-first heap   total 157696K, used 115759K [0x00000000a0000000, 0x0000000100000000)
  region size 1024K, 2 young (2048K), 2 survivors (2048K)
 Metaspace       used 93283K, capacity 96480K, committed 96720K, reserved 1132544K
  class space    used 12102K, capacity 13149K, committed 13184K, reserved 1048576K
}
Event: 68.265 GC heap before
{Heap before GC invocations=50 (full 0):
 garbage-first heap   total 157696K, used 131119K [0x00000000a0000000, 0x0000000100000000)
  region size 1024K, 18 young (18432K), 2 survivors (2048K)
 Metaspace       used 95022K, capacity 98234K, committed 98512K, reserved 1134592K
  class space    used 12224K, capacity 13323K, committed 13440K, reserved 1048576K
}
Event: 68.277 GC heap after
{Heap after GC invocations=51 (full 0):
 garbage-first heap   total 189440K, used 118475K [0x00000000a0000000, 0x0000000100000000)
  region size 1024K, 3 young (3072K), 3 survivors (3072K)
 Metaspace       used 95022K, capacity 98234K, committed 98512K, reserved 1134592K
  class space    used 12224K, capacity 13323K, committed 13440K, reserved 1048576K
}
Event: 72.111 GC heap before
{Heap before GC invocations=52 (full 0):
 garbage-first heap   total 189440K, used 145099K [0x00000000a0000000, 0x0000000100000000)
  region size 1024K, 30 young (30720K), 3 survivors (3072K)
 Metaspace       used 96028K, capacity 99482K, committed 99664K, reserved 1136640K
  class space    used 12421K, capacity 13527K, committed 13568K, reserved 1048576K
}
Event: 72.126 GC heap after
{Heap after GC invocations=53 (full 0):
 garbage-first heap   total 189440K, used 119726K [0x00000000a0000000, 0x0000000100000000)
  region size 1024K, 3 young (3072K), 3 survivors (3072K)
 Metaspace       used 96028K, capacity 99482K, committed 99664K, reserved 1136640K
  class space    used 12421K, capacity 13527K, committed 13568K, reserved 1048576K
}

